0.001 54.0892 120.941
0.001 -82.2389 -72.7624
0.005 53.1318 120.652
0.005 -81.2466 -72.6388
0.001 52.9403 120.594
0.001 -81.0482 -72.614
0 52.9403 120.594
0 -81.0482 -72.614
0.001 52.7489 120.536
0.001 -80.8497 -72.5891
0 52.7489 120.536
0 -80.8497 -72.5891
0 52.7489 120.536
0 -80.8497 -72.5891
0 52.7489 120.536
0 -80.8497 -72.5891
0 52.7489 120.536
0 -80.8497 -72.5891
0 52.7489 120.536
0 -80.8497 -72.5891
0 52.7489 120.536
0 -80.8497 -72.5891
0.001 52.5574 120.478
0.001 -80.6513 -72.5643
0 52.5574 120.478
0 -80.6513 -72.5643
0 52.5574 120.478
0 -80.6513 -72.5643
0 52.5574 120.478
0 -80.6513 -72.5643
0 52.5574 120.478
0 -80.6513 -72.5643
0 52.5574 120.478
0 -80.6513 -72.5643
0 52.5574 120.478
0 -80.6513 -72.5643
0.001 52.366 120.42
0.001 -80.4528 -72.5394
0 52.366 120.42
0 -80.4528 -72.5394
0 52.366 120.42
0 -80.4528 -72.5394
0 52.366 120.42
0 -80.4528 -72.5394
0 52.366 120.42
0 -80.4528 -72.5394
0 52.366 120.42
0 -80.4528 -72.5394
0 52.366 120.42
0 -80.4528 -72.5394
0.001 52.1746 120.363
0.001 -80.2544 -72.5145
0 52.1746 120.363
0 -80.2544 -72.5145
0 52.1746 120.363
0 -80.2544 -72.5145
0 52.1746 120.363
0 -80.2544 -72.5145
0 52.1746 120.363
0 -80.2544 -72.5145
0 52.1746 120.363
0 -80.2544 -72.5145
0 52.1746 120.363
0 -80.2544 -72.5145
0 52.1746 120.363
0 -80.2544 -72.5145
0.001 51.9832 120.305
0.001 -80.0559 -72.4896
0 51.9832 120.305
0 -80.0559 -72.4896
0 51.9832 120.305
0 -80.0559 -72.4896
0 51.9832 120.305
0 -80.0559 -72.4896
0 51.9832 120.305
0 -80.0559 -72.4896
0 51.9832 120.305
0 -80.0559 -72.4896
0.001 51.7917 120.247
0.001 -79.8575 -72.4647
0 51.7917 120.247
0 -79.8575 -72.4647
0 51.7917 120.247
0 -79.8575 -72.4647
0 51.7917 120.247
0 -79.8575 -72.4647
0 51.7917 120.247
0 -79.8575 -72.4647
0 51.7917 120.247
0 -79.8575 -72.4647
0 51.7917 120.247
0 -79.8575 -72.4647
0.001 51.6003 120.189
0.001 -79.659 -72.4397
0 51.6003 120.189
0 -79.659 -72.4397
0 51.6003 120.189
0 -79.659 -72.4397
0 51.6003 120.189
0 -79.659 -72.4397
0 51.6003 120.189
0 -79.659 -72.4397
0 51.6003 120.189
0 -79.659 -72.4397
0 51.6003 120.189
0 -79.659 -72.4397
0.001 51.4089 120.131
0.001 -79.4606 -72.4148
0 51.4089 120.131
0 -79.4606 -72.4148
0 51.4089 120.131
0 -79.4606 -72.4148
0 51.4089 120.131
0 -79.4606 -72.4148
0 51.4089 120.131
0 -79.4606 -72.4148
0 51.4089 120.131
0 -79.4606 -72.4148
0.001 51.2176 120.072
0.001 -79.2622 -72.3898
0 51.2176 120.072
0 -79.2622 -72.3898
0 51.2176 120.072
0 -79.2622 -72.3898
0 51.2176 120.072
0 -79.2622 -72.3898
0 51.2176 120.072
0 -79.2622 -72.3898
0 51.2176 120.072
0 -79.2622 -72.3898
0 51.2176 120.072
0 -79.2622 -72.3898
0 51.2176 120.072
0 -79.2622 -72.3898
0.001 51.0262 120.014
0.001 -79.0637 -72.3648
0 51.0262 120.014
0 -79.0637 -72.3648
0 51.0262 120.014
0 -79.0637 -72.3648
0.018 47.5814 118.969
0.018 -75.492 -71.9145
0.016 44.5215 118.032
0.016 -72.3178 -71.509
0.017 41.2722 117.031
0.017 -68.9459 -71.0732
0.017 38.025 116.023
0.017 -65.5746 -70.6322
0.016 34.9708 115.068
0.016 -62.4022 -70.2123
0.017 31.7276 114.048
0.017 -59.0323 -69.7613
0.017 28.4866 113.02
0.017 -55.663 -69.3052
0.016 25.4381 112.047
0.016 -52.4926 -68.8711
0.017 22.2011 111.007
0.017 -49.1247 -68.405
0.017 18.9662 109.961
0.017 -45.7575 -67.9339
0.016 15.9236 108.969
0.016 -42.589 -67.4856
0.017 12.6928 107.91
0.017 -39.2232 -67.0047
0.017 9.46419 106.844
0.017 -35.8582 -66.5186
0.017 6.2377 105.772
0.017 -32.4938 -66.0276
0.016 3.20303 104.757
0.016 -29.328 -65.5607
0.017 -0.0192747 103.672
0.017 -25.9651 -65.0599
0.016 -3.04998 102.645
0.016 -22.8007 -64.5839
0.017 -6.26806 101.548
0.017 -19.4393 -64.0734
0.017 -9.48394 100.444
0.017 -16.0786 -63.5579
0.016 -12.5086 99.3991
0.016 -12.9163 -63.0681
0.016 -15.5313 98.3487
0.016 -9.75467 -62.5739
0.017 -18.7408 97.2266
0.017 -6.3962 -62.0442
0.017 -21.948 96.0982
0.017 -3.03851 -61.5094
0.017 -25.1531 94.9633
0.017 0.318391 -60.9698
0.016 -28.1674 93.8893
0.016 3.47707 -60.4572
0.018 -31.5563 92.6747
0.018 7.02979 -59.8756
0.017 -34.7546 91.5208
0.017 10.3843 -59.3212
0.016 -37.7625 90.4289
0.016 13.5407 -58.7947
0.017 -40.9562 89.2627
0.017 16.8935 -58.2306
0.017 -44.1477 88.0902
0.017 20.2456 -57.6616
0.016 -47.1492 86.9808
0.016 23.3997 -57.1214
0.017 -50.3361 85.796
0.017 26.7501 -56.5429
0.017 -53.5207 84.6049
0.017 30.0996 -55.9594
0.016 -56.5156 83.478
0.016 33.2514 -55.4055
0.017 -59.6956 82.2746
0.017 36.5992 -54.8124
0.017 -62.8731 81.0649
0.017 39.9462 -54.2144
0.016 -65.8614 79.9205
0.016 43.0955 -53.6469
0.017 -69.0343 78.6985
0.017 46.4407 -53.0392
0.017 -72.2046 77.4702
0.017 49.7851 -52.4266
0.016 -75.1862 76.3082
0.016 52.9319 -51.8453
0.017 -78.3518 75.0676
0.017 56.2744 -51.223
0.017 -81.5149 73.8207
0.017 59.6161 -50.5957
0.016 -84.4895 72.6411
0.016 62.7602 -50.0007
0.017 -87.6477 71.3818
0.017 66.1 -49.3637
0.017 -90.8034 70.1162
0.017 69.4389 -48.7217
0.015 -93.5855 68.9938
0.015 72.384 -48.1508
0.017 -96.7363 67.7161
0.017 75.721 -47.4993
0.017 -99.8845 66.4321
0.017 79.0571 -46.8427
0.016 -102.845 65.2175
0.016 82.1959 -46.22
0.017 -105.988 63.921
0.017 85.5299 -45.5536
0.017 -109.129 62.618
0.017 88.863 -44.8821
0.016 -112.082 61.3856
0.016 91.999 -44.2453
0.017 -115.217 60.0702
0.017 95.33 -43.5638
0.017 -118.349 58.7482
0.017 98.6599 -42.8772
0.016 -121.295 57.4979
0.016 101.793 -42.2261
0.017 -124.422 56.1633
0.017 105.121 -41.5294
0.017 -127.547 54.8222
0.017 108.448 -40.8275
0.017 -130.668 53.4745
0.017 111.773 -40.1203
0.016 -133.603 52.2
0.016 114.902 -39.4498
0.017 -136.719 50.8395
0.017 118.226 -38.7324
0.016 -139.649 49.5529
0.016 121.353 -38.0522
0.017 -142.759 48.1796
0.017 124.674 -37.3244
0.017 -145.867 46.7997
0.017 127.994 -36.5913
0.016 -148.789 45.4946
0.016 131.117 -35.8962
0.017 -151.89 44.1017
0.017 134.435 -35.1525
0.017 -154.989 42.7021
0.017 137.751 -34.4034
0.016 -157.902 41.3784
0.016 140.872 -33.6932
0.017 -160.995 39.9656
0.017 144.186 -32.9334
0.017 -164.084 38.546
0.017 147.498 -32.1681
0.016 -166.989 37.2034
0.016 150.615 -31.4425
0.017 -170.072 35.7705
0.017 153.925 -30.6662
0.017 -173.152 34.3306
0.017 157.234 -29.8843
0.016 -176.048 32.9689
0.016 160.347 -29.1429
0.017 -179.122 31.5156
0.017 163.653 -28.3499
0.017 -182.192 30.0552
0.017 166.958 -27.551
0.016 -185.079 28.6741
0.016 170.067 -26.7936
0.017 -188.143 27.2
0.017 173.369 -25.9834
0.017 -191.203 25.7188
0.017 176.67 -25.1672
0.017 -194.26 24.2304
0.017 179.969 -24.345
0.016 -197.134 22.8228
0.016 183.073 -23.5656
0.016 -200.004 21.4088
0.016 186.175 -22.7807
0.017 -203.051 19.8995
0.017 189.469 -21.941
0.017 -206.094 18.3828
0.017 192.763 -21.0951
0.017 -209.133 16.8588
0.017 196.054 -20.243
0.017 -212.169 15.3274
0.017 199.344 -19.3845
0.017 -215.201 13.7884
0.017 202.632 -18.5197
0.017 -218.229 12.2419
0.017 205.919 -17.6485
0.017 -221.253 10.6878
0.017 209.203 -16.7707
0.016 -224.095 9.21794
0.016 212.293 -15.9384
0.017 -227.111 7.64894
0.017 215.574 -15.0479
0.017 -230.124 6.07218
0.017 218.854 -14.1506
0.016 -232.955 4.5808
0.016 221.939 -13.2997
0.017 -235.959 2.98879
0.017 225.215 -12.3892
0.017 -238.959 1.38884
0.017 228.488 -11.4717
0.016 -241.779 -0.124549
0.016 231.568 -10.6016
0.017 -244.77 -1.74012
0.017 234.838 -9.67043
0.017 -247.758 -3.36385
0.017 238.106 -8.73207
0.016 -250.565 -4.89979
0.016 241.18 -7.84204
0.017 -253.543 -6.53954
0.017 244.443 -6.88945
0.017 -256.517 -8.18765
0.017 247.705 -5.92939
0.016 -259.312 -9.74676
0.016 250.773 -5.01868
0.017 -262.276 -11.4113
0.017 254.03 -4.04382
0.017 -265.236 -13.0845
0.017 257.285 -3.06118
0.016 -268.017 -14.6674
0.016 260.346 -2.12891
0.017 -270.967 -16.3575
0.017 263.596 -1.13084
0.016 -273.739 -17.9566
0.016 266.653 -0.18384
0.016 -276.506 -19.5635
0.016 269.707 0.770465
0.017 -279.442 -21.2794
0.017 272.95 1.79229
0.016 -282.199 -22.903
0.016 276 2.762
0.017 -285.124 -24.6367
0.017 279.237 3.80044
0.017 -288.043 -26.3797
0.017 282.472 4.84765
0.016 -290.785 -28.0291
0.016 285.514 5.84165
0.017 -293.693 -29.7905
0.017 288.743 6.90631
0.017 -296.596 -31.5616
0.017 291.969 7.9802
0.016 -299.322 -33.2377
0.016 295.002 8.99975
0.017 -302.212 -35.0279
0.017 298.222 10.092
0.017 -305.097 -36.8281
0.017 301.438 11.194
0.016 -307.805 -38.5319
0.016 304.462 12.2405
0.017 -310.677 -40.3518
0.017 307.672 13.3619
0.017 -313.543 -42.1821
0.017 310.878 14.4937
0.016 -316.233 -43.9147
0.016 313.892 15.5687
0.017 -319.085 -45.7655
0.017 317.091 16.721
0.017 -321.93 -47.6272
0.017 320.286 17.8843
0.016 -324.601 -49.3897
0.016 323.289 18.9897
0.017 -327.432 -51.2727
0.017 326.475 20.1749
0.017 -330.255 -53.1671
0.017 329.658 21.3717
0.016 -332.905 -54.9607
0.016 332.649 22.5094
0.017 -335.714 -56.8773
0.017 335.822 23.7297
0.017 -338.514 -58.8057
0.017 -332.653 -22.4969
0.017 -341.306 -60.7461
0.017 -329.48 -21.2766
0.016 -343.926 -62.5837
0.016 -326.489 -20.1396
0.017 -346.701 -64.5478
0.017 -323.306 -18.9427
0.016 -349.305 -66.4081
0.016 -320.307 -17.8273
0.017 -352.062 -68.3966
0.017 -317.116 -16.6528
0.017 -354.811 -70.398
0.017 -313.922 -15.4896
0.016 -357.389 -72.2941
0.016 -310.911 -14.405
0.017 -360.118 -74.3212
0.017 -307.709 -13.2628
0.017 -362.838 -76.3619
0.017 -304.502 -12.1311
0.017 -365.547 -78.4164
0.017 -301.293 -11.0096
0.015 -367.928 -80.2416
0.015 -298.457 -10.0291
0.017 -370.616 -82.3228
0.017 -295.241 -8.9265
0.017 -373.294 -84.4186
0.017 -292.022 -7.83368
0.017 -375.959 -86.5292
0.017 -288.799 -6.75042
0.017 -378.613 -88.6549
0.017 -285.573 -5.67655
0.016 -381.099 -90.6701
0.016 -282.534 -4.67453
0.018 -383.882 -92.9528
0.018 -279.112 -3.5563
0.018 -386.651 -95.2535
0.018 -275.687 -2.44807
0.015 -388.946 -97.186
0.015 -272.83 -1.53272
0.017 -391.534 -99.3909
0.017 -269.59 -0.502935
0.017 -394.107 -101.613
0.017 -266.347 0.518359
0.016 -396.515 -103.72
0.016 -263.292 1.47171
0.017 -399.059 -105.976
0.017 -260.044 2.4769
0.017 -401.587 -108.251
0.017 -256.793 3.47397
0.016 -403.95 -110.408
0.016 -253.732 4.40487
0.017 -406.444 -112.719
0.017 -250.477 5.38653
0.017 -408.92 -115.049
0.017 -247.219 6.36042
0.016 -411.233 -117.26
0.016 -244.151 7.2698
0.017 -413.672 -119.629
0.017 -240.889 8.22891
0.017 -416.091 -122.018
0.017 -237.625 9.18055
0.016 -418.348 -124.286
0.016 -234.551 10.0693
0.017 -420.725 -126.717
0.017 -231.283 11.0067
0.017 -423.08 -129.17
0.017 -228.012 11.9369
0.016 -425.273 -131.5
0.016 -224.932 12.8058
0.017 -427.58 -133.998
0.017 -221.658 13.7223
0.017 -429.861 -136.519
0.017 -218.382 14.6319
0.015 -431.85 -138.765
0.015 -215.49 15.4284
0.017 -434.079 -141.333
0.017 -212.21 16.3252
0.017 -436.278 -143.926
0.017 -208.929 17.2152
0.016 -438.318 -146.391
0.016 -205.839 18.0466
0.017 -440.455 -149.035
0.017 -202.554 18.9238
0.017 -442.558 -151.707
0.017 -199.267 19.7945
0.016 -444.503 -154.248
0.016 -196.172 20.608
0.017 -446.534 -156.975
0.017 -192.883 21.4662
0.017 -448.525 -159.731
0.017 -189.591 22.3182
0.016 -450.36 -162.353
0.016 -186.492 23.1141
0.017 -452.267 -165.168
0.017 -183.197 23.954
0.017 -454.127 -168.014
0.017 -179.901 24.7877
0.016 -455.831 -170.722
0.016 -176.797 25.5666
0.017 -457.592 -173.63
0.017 -173.498 26.3885
0.017 -459.298 -176.572
0.017 -170.197 27.2045
0.016 -460.848 -179.371
0.016 -167.089 27.9668
0.017 -462.436 -182.377
0.017 -163.786 28.7712
0.017 -463.958 -185.418
0.017 -160.481 29.5698
0.016 -465.324 -188.311
0.016 -157.369 30.316
0.017 -466.706 -191.418
0.017 -154.062 31.1033
0.016 -467.931 -194.374
0.016 -150.947 31.839
0.017 -469.154 -197.547
0.017 -147.637 32.6153
0.017 -470.287 -200.753
0.017 -144.326 33.3859
0.016 -471.263 -203.8
0.016 -141.208 34.1059
0.017 -472.205 -207.067
0.017 -137.894 34.8657
0.017 -473.039 -210.363
0.017 -134.578 35.6199
0.016 -473.717 -213.49
0.016 -131.457 36.3246
0.017 -474.323 -216.836
0.017 -128.139 37.0682
0.017 -474.801 -220.202
0.017 -124.82 37.8063
0.016 -475.123 -223.386
0.016 -121.695 38.496
0.017 -475.33 -226.78
0.017 -118.374 39.2236
0.017 475.272 -230.179
0.017 -115.052 39.9459
0.016 475.365 -233.378
0.016 -111.924 40.6207
0.017 475.314 -236.777
0.017 -108.599 41.3327
0.017 475.097 -240.17
0.017 -105.273 42.0394
0.016 474.73 -243.349
0.016 -102.142 42.6996
0.016 474.205 -246.506
0.016 -99.0101 43.3551
0.017 473.476 -249.827
0.017 -95.6812 44.0467
0.017 472.56 -253.101
0.017 -92.3512 44.7332
0.017 471.458 -256.318
0.017 -89.0202 45.4144
0.018 470.092 -259.649
0.018 -85.4921 46.1303
0.016 468.694 -262.527
0.016 -82.3549 46.7615
0.017 467.039 -265.497
0.017 -79.0208 47.4273
0.017 465.208 -268.362
0.017 -75.6856 48.0881
0.016 463.328 -270.951
0.016 -72.5457 48.7052
0.017 461.18 -273.587
0.017 -69.2085 49.3561
0.017 458.884 -276.095
0.017 -65.8704 50.0019
0.016 456.593 -278.329
0.016 -62.7278 50.605
0.017 454.04 -280.574
0.017 -59.3878 51.241
0.017 451.371 -282.68
0.017 -56.0469 51.8721
0.016 448.76 -284.531
0.016 -52.9016 52.4613
0.017 445.899 -286.367
0.017 -49.5588 53.0826
0.017 442.954 -288.067
0.017 -46.2152 53.6989
0.017 439.936 -289.633
0.017 -42.8706 54.3102
0.016 437.036 -290.984
0.016 -39.7219 54.8809
0.017 433.901 -292.301
0.017 -36.3756 55.4826
0.016 430.905 -293.425
0.016 -33.2252 56.0442
0.017 427.683 -294.509
0.017 -29.8772 56.6363
0.017 424.424 -295.481
0.017 -26.5282 57.2234
0.016 421.329 -296.294
0.016 -23.3755 57.7713
0.016 418.212 -297.015
0.016 -20.222 58.3148
0.017 414.879 -297.689
0.017 -16.8706 58.8876
0.016 411.726 -298.235
0.016 -13.7155 59.4221
0.017 408.362 -298.73
0.017 -10.3625 59.9854
0.017 404.987 -299.14
0.017 -7.00867 60.5436
0.016 401.802 -299.449
0.016 -3.85133 61.0644
0.017 398.412 -299.705
0.017 -0.495891 61.6131
0.017 395.017 -299.887
0.017 2.86035 62.1568
0.016 391.818 -299.991
0.016 6.01992 62.6639
0.017 388.419 299.943
0.017 9.37771 63.198
0.017 385.019 299.959
0.017 12.7363 63.7271
0.016 381.819 299.915
0.016 15.898 64.2205
0.017 378.42 299.814
0.017 19.2581 64.7399
0.017 375.024 299.656
0.017 22.619 65.2544
0.016 371.83 299.457
0.016 25.7828 65.734
0.017 368.44 299.197
0.017 29.1451 66.2388
0.017 365.054 298.887
0.017 32.5082 66.7386
0.017 361.673 298.531
0.017 35.872 67.2333
0.016 358.496 298.153
0.016 39.0386 67.6943
0.017 355.124 297.71
0.017 42.4039 68.1793
0.016 351.957 297.254
0.016 45.5718 68.631
0.017 348.597 296.732
0.017 48.9385 69.1061
0.017 345.244 296.172
0.017 52.3058 69.5762
0.017 341.897 295.574
0.017 55.6739 70.0412
0.016 338.753 294.978
0.016 58.8445 70.474
0.017 335.419 294.312
0.017 62.2139 70.929
0.017 332.091 293.614
0.017 65.584 71.3789
0.016 328.966 292.926
0.016 68.7565 71.7975
0.017 325.652 292.167
0.017 72.1279 72.2373
0.016 322.539 291.424
0.016 75.3017 72.6463
0.017 319.239 290.608
0.017 78.6744 73.076
0.017 315.945 289.763
0.017 82.0478 73.5005
0.016 312.852 288.943
0.016 85.2234 73.895
0.017 309.572 288.048
0.017 88.5981 74.3092
0.016 306.492 287.181
0.016 91.7749 74.6939
0.018 303.033 286.181
0.018 95.3494 75.1215
0.015 300.158 285.326
0.015 98.3287 75.4728
0.017 296.905 284.337
0.017 101.706 75.8661
0.017 293.659 283.325
0.017 105.084 76.254
0.017 290.42 282.291
0.017 108.462 76.6365
0.018 286.998 281.174
0.018 112.04 77.0356
0.016 283.962 280.161
0.016 115.221 77.3848
0.017 280.744 279.065
0.017 118.601 77.7507
0.017 277.532 277.95
0.017 121.982 78.1109
0.016 274.515 276.883
0.016 125.165 78.4446
0.017 271.316 275.732
0.017 128.547 78.7938
0.017 268.123 274.562
0.017 131.929 79.1374
0.016 265.124 273.445
0.016 135.113 79.4552
0.017 261.944 272.243
0.017 138.497 79.7875
0.017 258.771 271.023
0.017 141.881 80.114
0.016 255.789 269.86
0.016 145.067 80.4157
0.017 252.628 268.609
0.017 148.452 80.7306
0.016 249.658 267.417
0.016 151.639 81.0215
0.017 246.509 266.136
0.017 155.026 81.3248
0.017 243.365 264.84
0.017 158.413 81.622
0.017 240.228 263.53
0.017 161.8 81.9131
0.016 237.281 262.283
0.016 164.989 82.1812
0.017 234.155 260.945
0.017 168.377 82.4602
0.016 231.219 259.673
0.016 171.567 82.7169
0.017 228.104 258.309
0.017 174.957 82.9836
0.016 225.179 257.013
0.016 178.147 83.2285
0.017 222.075 255.624
0.017 181.538 83.4827
0.016 219.16 254.304
0.016 184.729 83.7158
0.017 216.068 252.89
0.017 188.121 83.9572
0.017 212.981 251.465
0.017 191.513 84.1918
0.016 210.082 250.111
0.016 194.705 84.4064
0.017 207.006 248.662
0.017 198.098 84.6279
0.017 203.935 247.202
0.017 201.491 84.8424
0.016 201.051 245.817
0.016 204.685 85.0378
0.017 197.991 244.334
0.017 208.079 85.2387
0.016 195.116 242.929
0.016 211.274 85.4211
0.017 192.067 241.426
0.017 214.669 85.608
0.017 189.022 239.912
0.017 218.064 85.7876
0.016 186.162 238.477
0.016 221.26 85.9496
0.017 183.128 236.943
0.017 224.656 86.1146
0.017 180.099 235.399
0.017 228.053 86.272
0.016 177.252 233.936
0.016 231.249 86.4129
0.017 174.233 232.373
0.017 234.646 86.5552
0.017 171.219 230.8
0.017 238.044 86.6896
0.016 168.387 229.31
0.016 241.242 86.8084
0.017 165.382 227.719
0.017 244.64 86.927
0.017 162.382 226.118
0.017 248.038 87.0372
0.016 159.564 224.603
0.016 251.236 87.133
0.017 156.574 222.985
0.017 254.635 87.2268
0.017 153.588 221.358
0.017 258.034 87.3118
0.016 150.783 219.818
0.016 261.233 87.3835
0.017 147.807 218.174
0.017 264.632 87.4512
0.017 144.835 216.522
0.017 268.032 87.5098
0.017 141.869 214.861
0.017 271.432 87.5591
0.016 139.081 213.29
0.016 274.631 87.5965
0.017 136.123 211.613
0.017 278.031 87.6272
0.017 133.17 209.927
0.017 281.431 87.6481
0.016 130.395 208.334
0.016 284.631 87.6583
0.017 127.451 206.633
0.017 288.031 87.6596
0.016 124.684 205.025
0.016 291.231 87.651
0.016 121.922 203.41
0.016 294.431 87.633
0.017 118.991 201.687
0.017 297.831 87.6037
0.017 116.064 199.957
0.017 301.231 87.5634
0.017 113.142 198.219
0.017 304.63 87.5119
0.017 110.224 196.473
0.017 308.03 87.4488
0.017 107.311 194.72
0.017 311.429 87.3739
0.017 104.402 192.96
0.017 314.828 87.2871
0.017 101.498 191.193
0.017 318.226 87.1878
0.016 98.7679 189.523
0.016 321.425 87.0826
0.017 95.8718 187.741
0.017 324.822 -87.2066
0.017 92.98 185.953
0.017 328.22 -87.3438
0.016 90.2624 184.264
0.016 331.417 -87.4635
0.017 87.3789 182.462
0.017 334.815 -87.581
0.017 84.4997 180.654
0.017 338.214 -87.6879
0.016 81.7939 178.945
0.016 341.412 -87.7782
0.017 78.923 177.124
0.017 344.811 -87.8637
0.017 76.0562 175.296
0.017 348.211 -87.9376
0.016 73.3621 173.569
0.016 351.41 -87.9961
0.017 70.5035 171.728
0.017 354.81 -88.0467
0.017 67.6492 169.881
0.017 358.209 -88.0847
0.016 64.9666 168.136
0.016 361.409 -88.1083
0.017 62.1203 166.277
0.017 364.809 -88.1207
0.017 59.2781 164.411
0.017 368.209 -88.1193
0.016 56.6071 162.648
0.016 371.409 -88.1044
0.017 53.7729 160.77
0.017 374.809 -88.0747
0.016 51.1094 158.997
0.016 378.009 -88.0322
0.016 48.4495 157.218
0.016 381.208 -87.9757
0.017 45.6272 155.322
0.017 384.607 -87.9001
0.017 42.809 153.42
0.017 388.006 -87.8073
0.016 40.1604 151.624
0.016 391.204 -87.7033
0.017 37.3501 149.71
0.017 394.602 -87.5752
0.017 34.5439 147.79
0.017 397.999 -87.4279
0.016 31.9066 145.978
0.016 401.195 -87.2702
0.017 29.1082 144.047
0.017 404.59 -87.0829
0.017 26.3139 142.11
0.017 407.983 -86.8736
0.016 23.6878 140.281
0.016 411.176 -86.6549
0.017 20.9013 138.333
0.017 414.566 -86.3997
0.017 18.1189 136.379
0.017 417.955 -86.1192
0.016 15.504 134.535
0.016 421.142 -85.83
0.017 12.7293 132.57
0.017 424.525 -85.4964
0.017 9.95877 130.599
0.017 427.906 -85.1331
0.016 7.35495 128.739
0.016 431.084 -84.7617
0.017 4.59218 126.757
0.017 434.457 -84.3359
0.017 1.83342 124.77
0.017 437.826 -83.8749
0.016 -0.759284 122.894
0.016 440.991 -83.4059
0.017 -3.51025 120.896
0.017 444.349 -82.8702
0.017 -6.2572 118.893
0.017 447.699 -82.2921
0.016 -8.83879 117.002
0.016 450.845 -81.7052
0.017 -11.5779 114.988
0.017 454.179 -81.036
0.017 -14.3131 112.968
0.017 457.501 -80.3146
0.016 -16.8836 111.062
0.016 460.616 -79.5826
0.017 -19.6109 109.032
0.017 463.912 -78.7477
0.017 -22.3342 106.996
0.017 467.191 -77.8471
0.016 -24.8936 105.075
0.016 470.257 -76.9323
0.017 -27.6091 103.029
0.017 473.493 -75.8871
0.017 -30.3206 100.978
0.017 476.699 -74.7571
0.016 -32.8688 99.0424
0.016 479.685 -73.6062
0.017 -35.5724 96.9807
0.017 482.819 -72.2874
